<?xml version="1.0" encoding="UTF-8"?>
<!-- Generated by org.testng.reporters.JUnitXMLReporter -->
<testsuite ignored="0" hostname="Ananthas-MacBook-Air.local" failures="1" tests="1" name="First" time="4.816" errors="0" timestamp="2026-01-08T00:18:43 IST">
  <testcase classname="tests.loginTest" name="testLogin" time="0.928">
    <failure type="java.lang.AssertionError" message="expected [Logged In Successfully | Practice Test Automation123] but found [Logged In Successfully | Practice Test Automation]">
      <![CDATA[java.lang.AssertionError: expected [Logged In Successfully | Practice Test Automation123] but found [Logged In Successfully | Practice Test Automation]
at tests.loginTest.testLogin(loginTest.java:37)
at java.base/java.util.ArrayList.forEach(ArrayList.java:1596)
at com.intellij.rt.testng.IDEARemoteTestNG.run(IDEARemoteTestNG.java:65)
at com.intellij.rt.testng.RemoteTestNGStarter.main(RemoteTestNGStarter.java:105)
... Removed 28 stack frames]]>
    </failure>
  </testcase> <!-- testLogin -->
</testsuite> <!-- First -->
