<?xml version="1.0" encoding="UTF-8"?>
<testng-results ignored="0" total="1" passed="1" failed="0" skipped="0">
  <reporter-output>
  </reporter-output>
  <suite started-at="2026-01-05T01:15:31 IST" name="Default Suite" finished-at="2026-01-05T01:15:35 IST" duration-ms="4535">
    <groups>
    </groups>
    <test started-at="2026-01-05T01:15:31 IST" name="First" finished-at="2026-01-05T01:15:35 IST" duration-ms="4535">
      <class name="tests.loginTest">
        <test-method is-config="true" signature="setup()[pri:0, instance:tests.loginTest@36902638]" started-at="2026-01-05T01:15:31 IST" name="setup" finished-at="2026-01-05T01:15:34 IST" duration-ms="3473" status="PASS">
          <reporter-output>
          </reporter-output>
        </test-method> <!-- setup -->
        <test-method signature="testLogin()[pri:0, instance:tests.loginTest@36902638]" started-at="2026-01-05T01:15:34 IST" name="testLogin" finished-at="2026-01-05T01:15:35 IST" duration-ms="952" status="PASS">
          <reporter-output>
          </reporter-output>
        </test-method> <!-- testLogin -->
        <test-method is-config="true" signature="tearDown()[pri:0, instance:tests.loginTest@36902638]" started-at="2026-01-05T01:15:35 IST" name="tearDown" finished-at="2026-01-05T01:15:35 IST" duration-ms="92" status="PASS">
          <reporter-output>
          </reporter-output>
        </test-method> <!-- tearDown -->
      </class> <!-- tests.loginTest -->
    </test> <!-- First -->
  </suite> <!-- Default Suite -->
</testng-results>
