<?xml version="1.0" encoding="UTF-8"?>
<testng-results ignored="0" total="1" passed="1" failed="0" skipped="0">
  <reporter-output>
  </reporter-output>
  <suite started-at="2026-01-07T00:36:53 IST" name="Default Suite" finished-at="2026-01-07T00:36:59 IST" duration-ms="6670">
    <groups>
    </groups>
    <test started-at="2026-01-07T00:36:53 IST" name="First" finished-at="2026-01-07T00:36:59 IST" duration-ms="6670">
      <class name="tests.loginTest">
        <test-method is-config="true" signature="setup()[pri:0, instance:tests.loginTest@79924b]" started-at="2026-01-07T00:36:53 IST" name="setup" finished-at="2026-01-07T00:36:58 IST" duration-ms="5577" status="PASS">
          <reporter-output>
          </reporter-output>
        </test-method> <!-- setup -->
        <test-method signature="testLogin()[pri:0, instance:tests.loginTest@79924b]" started-at="2026-01-07T00:36:58 IST" name="testLogin" finished-at="2026-01-07T00:36:59 IST" duration-ms="983" status="PASS">
          <reporter-output>
          </reporter-output>
        </test-method> <!-- testLogin -->
        <test-method is-config="true" signature="tearDown()[pri:0, instance:tests.loginTest@79924b]" started-at="2026-01-07T00:36:59 IST" name="tearDown" finished-at="2026-01-07T00:36:59 IST" duration-ms="92" status="PASS">
          <reporter-output>
          </reporter-output>
        </test-method> <!-- tearDown -->
      </class> <!-- tests.loginTest -->
    </test> <!-- First -->
  </suite> <!-- Default Suite -->
</testng-results>
